<?xml version="1.0" encoding="UTF-8"?>
<!-- Generated by org.testng.reporters.JUnitReportReporter -->
<testsuite skipped="0" hostname="LAPTOP-7KM2DO06" name="seleniumwork.MySeleniumTest" tests="1" failures="0" timestamp="27 Jan 2019 22:30:02 GMT" time="34.369" errors="0">
  <testcase name="addingBankAccountTest" time="34.369" classname="seleniumwork.MySeleniumTest"/>
</testsuite> <!-- seleniumwork.MySeleniumTest -->
